2020-07-04 11:26:27 WARNING (SyncWorker_1) [homeassistant.util.yaml.loader] YAML file /config/integrations/../scripts/night_shutdown_house.yaml contains duplicate key "condition". Check lines 11 and 12.
2020-07-04 11:26:27 WARNING (MainThread) [homeassistant.loader] You are using a custom integration for aarlo which has not been tested by Home Assistant. This component might cause stability problems, be sure to disable it if you experience issues with Home Assistant.
2020-07-04 11:26:27 WARNING (MainThread) [homeassistant.loader] You are using a custom integration for browser_mod which has not been tested by Home Assistant. This component might cause stability problems, be sure to disable it if you experience issues with Home Assistant.
2020-07-04 11:26:28 WARNING (MainThread) [homeassistant.loader] You are using a custom integration for hacs which has not been tested by Home Assistant. This component might cause stability problems, be sure to disable it if you experience issues with Home Assistant.
2020-07-04 11:26:28 WARNING (MainThread) [homeassistant.loader] You are using a custom integration for alexa_media which has not been tested by Home Assistant. This component might cause stability problems, be sure to disable it if you experience issues with Home Assistant.
2020-07-04 11:26:29 DEBUG (SyncWorker_9) [pyecobee] Making request to token endpoint to refresh tokens: url: https://api.ecobee.com/token, headers: {}, params: {'grant_type': 'refresh_token', 'refresh_token': 'spoxOHxcDhhtwykRIECzj33JrfonaXws', 'client_id': 'R0zmPH23DVHOLRdZPwBkFQgM9WPf8qCP'}, body: None
2020-07-04 11:26:29 ERROR (MainThread) [homeassistant.config] Platform error: media_player
Traceback (most recent call last):
  File "/usr/src/homeassistant/homeassistant/config.py", line 780, in async_process_component_config
    platform = p_integration.get_platform(domain)
  File "/usr/src/homeassistant/homeassistant/loader.py", line 273, in get_platform
    f"{self.pkg_path}.{platform_name}"
  File "/usr/local/lib/python3.7/importlib/__init__.py", line 127, in import_module
    return _bootstrap._gcd_import(name[level:], package, level)
  File "<frozen importlib._bootstrap>", line 1006, in _gcd_import
  File "<frozen importlib._bootstrap>", line 983, in _find_and_load
  File "<frozen importlib._bootstrap>", line 967, in _find_and_load_unlocked
  File "<frozen importlib._bootstrap>", line 677, in _load_unlocked
  File "<frozen importlib._bootstrap_external>", line 728, in exec_module
  File "<frozen importlib._bootstrap>", line 219, in _call_with_frames_removed
  File "/usr/src/homeassistant/homeassistant/components/gstreamer/media_player.py", line 4, in <module>
    from gsp import GstreamerPlayer
  File "/usr/local/lib/python3.7/site-packages/gsp/__init__.py", line 11, in <module>
    import gi  # pylint: disable=import-error
ModuleNotFoundError: No module named 'gi'
2020-07-04 11:26:29 DEBUG (SyncWorker_9) [pyecobee] Request response: 400: {
  "error": "invalid_grant",
  "error_description": "The authorization grant, token or credentials are invalid, expired, revoked, do not match the redirection URI used in the authorization request, or was issued to another client.",
  "error_uri": "https://tools.ietf.org/html/rfc6749#section-5.2"
}
2020-07-04 11:26:30 ERROR (MainThread) [homeassistant.config_entries] Error setting up entry ecobee for ecobee
Traceback (most recent call last):
  File "/usr/local/lib/python3.7/site-packages/pyecobee/__init__.py", line 518, in _request
    response.raise_for_status()
  File "/usr/local/lib/python3.7/site-packages/requests/models.py", line 941, in raise_for_status
    raise HTTPError(http_error_msg, response=self)
requests.exceptions.HTTPError: 400 Client Error: Bad Request for url: https://api.ecobee.com/token?grant_type=refresh_token&refresh_token=spoxOHxcDhhtwykRIECzj33JrfonaXws&client_id=R0zmPH23DVHOLRdZPwBkFQgM9WPf8qCP

During handling of the above exception, another exception occurred:

Traceback (most recent call last):
  File "/usr/src/homeassistant/homeassistant/config_entries.py", line 217, in async_setup
    hass, self
  File "/usr/src/homeassistant/homeassistant/components/ecobee/__init__.py", line 58, in async_setup_entry
    if not await data.refresh():
  File "/usr/src/homeassistant/homeassistant/components/ecobee/__init__.py", line 105, in refresh
    if await self._hass.async_add_executor_job(self.ecobee.refresh_tokens):
  File "/usr/local/lib/python3.7/concurrent/futures/thread.py", line 57, in run
    result = self.fn(*self.args, **self.kwargs)
  File "/usr/local/lib/python3.7/site-packages/pyecobee/__init__.py", line 153, in refresh_tokens
    auth_request=True,
  File "/usr/local/lib/python3.7/site-packages/pyecobee/__init__.py", line 533, in _request
    "ecobee tokens invalid; re-authentication required"
pyecobee.errors.InvalidTokenError: ecobee tokens invalid; re-authentication required
2020-07-04 11:26:30 INFO (MainThread) [homeassistant.components.updater] Submitted analytics to Home Assistant servers. Information submitted includes {'installation_type': 'Home Assistant Supervised', 'version': '0.111.4', 'dev': False, 'hassio': True, 'virtualenv': False, 'python_version': '3.7.7', 'docker': True, 'arch': 'x86_64', 'timezone': 'America/Chicago', 'os_name': 'Linux', 'os_version': '3.11.6', 'supervisor': '228', 'host_os': 'Ubuntu 20.04 LTS', 'chassis': 'desktop', 'docker_version': '19.03.10', 'distribution': 'alpine', 'huuid': '60ee9b948da54c7daa1622781325d4a0'}
2020-07-04 11:26:30 DEBUG (MainThread) [homeassistant.components.updater] Fetched version 0.112.2: https://www.home-assistant.io/latest-release-notes/
2020-07-04 11:26:30 DEBUG (MainThread) [homeassistant.components.updater] You are on the latest version (0.111.4) of Home Assistant
2020-07-04 11:26:30 DEBUG (MainThread) [homeassistant.components.updater] Update available: False
2020-07-04 11:26:30 DEBUG (MainThread) [homeassistant.components.updater] Finished fetching Home Assistant update data in 0.850 seconds
2020-07-04 11:26:33 ERROR (MainThread) [homeassistant.components.sensor] Entity id already exists - ignoring: sensor.aarlo_battery_level_front_door. Platform aarlo does not generate unique IDs
2020-07-04 11:26:33 ERROR (MainThread) [homeassistant.components.sensor] Entity id already exists - ignoring: sensor.aarlo_signal_strength_front_door. Platform aarlo does not generate unique IDs
2020-07-04 11:26:33 ERROR (MainThread) [homeassistant.components.binary_sensor] Entity id already exists - ignoring: binary_sensor.aarlo_motion_front_door. Platform aarlo does not generate unique IDs
2020-07-04 11:28:09 WARNING (SyncWorker_11) [homeassistant.util.yaml.loader] YAML file /config/integrations/../scripts/night_shutdown_house.yaml contains duplicate key "condition". Check lines 11 and 12.
2020-07-04 11:28:09 ERROR (MainThread) [homeassistant.components.hassio] Platform error media_player.gstreamer - No module named 'gi'
2020-07-04 11:32:10 DEBUG (SyncWorker_4) [pyecobee] Making request to authorize endpoint to request pin: url: https://api.ecobee.com/authorize, headers: {}, params: {'response_type': 'ecobeePin', 'client_id': 'R0zmPH23DVHOLRdZPwBkFQgM9WPf8qCP', 'scope': 'smartWrite'}, body: None
2020-07-04 11:32:10 DEBUG (SyncWorker_4) [pyecobee] Request response: 200: {
  "ecobeePin": "7yw2",
  "code": "9cePf8QXGO5wREDjjwolei0uid3XbQ50",
  "scope": "smartWrite",
  "expires_in": 9,
  "interval": 30
}
2020-07-04 11:32:10 DEBUG (SyncWorker_4) [pyecobee] Authorize your ecobee developer app with PIN code 7yw2. Goto https://www.ecobee/com/consumerportal/index.html, Click My Apps, Add Application, Enter Pin and click Authorize. After authorizing, call request_tokens method.
2020-07-04 11:32:59 DEBUG (SyncWorker_16) [pyecobee] Making request to token endpoint to request tokens: url: https://api.ecobee.com/token, headers: {}, params: {'grant_type': 'ecobeePin', 'code': '9cePf8QXGO5wREDjjwolei0uid3XbQ50', 'client_id': 'R0zmPH23DVHOLRdZPwBkFQgM9WPf8qCP'}, body: None
2020-07-04 11:32:59 DEBUG (SyncWorker_16) [pyecobee] Request response: 200: {
  "access_token": "hbVxaZcLJBO7btc4vQo3wJhHDZozttAx",
  "token_type": "Bearer",
  "expires_in": 3599,
  "refresh_token": "7mIz1tbCIAdRYaXhz7RHjvozTONy0rmR",
  "scope": "smartWrite"
}
2020-07-04 11:32:59 DEBUG (SyncWorker_4) [pyecobee] Making request to token endpoint to refresh tokens: url: https://api.ecobee.com/token, headers: {}, params: {'grant_type': 'refresh_token', 'refresh_token': '7mIz1tbCIAdRYaXhz7RHjvozTONy0rmR', 'client_id': 'R0zmPH23DVHOLRdZPwBkFQgM9WPf8qCP'}, body: None
2020-07-04 11:33:00 DEBUG (SyncWorker_4) [pyecobee] Request response: 200: {
  "access_token": "EbmG4EYLhHs3SlUqTuWIgmyfKOS1H7QT",
  "token_type": "Bearer",
  "expires_in": 3599,
  "refresh_token": "TNfhuQDjNXsErBhtMs4YsaQ3itcOY5zG",
  "scope": "smartWrite"
}
2020-07-04 11:33:00 DEBUG (SyncWorker_12) [pyecobee] Making request to thermostat endpoint to get thermostats: url: https://api.ecobee.com/1/thermostat, headers: {'Content-Type': 'application/json;charset=UTF-8', 'Authorization': 'Bearer EbmG4EYLhHs3SlUqTuWIgmyfKOS1H7QT'}, params: {'json': '{"selection": {"selectionType": "registered", "includeRuntime": "true", "includeSensors": "true", "includeProgram": "true", "includeEquipmentStatus": "true", "includeEvents": "true", "includeWeather": "true", "includeSettings": "true"}}'}, body: None
2020-07-04 11:33:00 DEBUG (SyncWorker_12) [pyecobee] Request response: 200: {
  "page": {
    "page": 1,
    "totalPages": 1,
    "pageSize": 1,
    "total": 1
  },
  "thermostatList": [
    {
      "identifier": "511891678695",
      "name": "thermostat",
      "thermostatRev": "200702103051",
      "isRegistered": true,
      "modelNumber": "apolloSmart",
      "brand": "ecobee",
      "features": "Home,HomeKit",
      "lastModified": "2020-07-02 10:30:51",
      "thermostatTime": "2020-07-04 11:33:00",
      "utcTime": "2020-07-04 16:33:00",
      "settings": {
        "hvacMode": "auto",
        "lastServiceDate": "2020-03-31",
        "serviceRemindMe": true,
        "monthsBetweenService": 12,
        "remindMeDate": "2021-03-31",
        "vent": "off",
        "ventilatorMinOnTime": 20,
        "serviceRemindTechnician": false,
        "eiLocation": "",
        "coldTempAlert": 500,
        "coldTempAlertEnabled": true,
        "hotTempAlert": 920,
        "hotTempAlertEnabled": true,
        "coolStages": 1,
        "heatStages": 2,
        "maxSetBack": 100,
        "maxSetForward": 80,
        "quickSaveSetBack": 40,
        "quickSaveSetForward": 40,
        "hasHeatPump": false,
        "hasForcedAir": true,
        "hasBoiler": false,
        "hasHumidifier": false,
        "hasErv": false,
        "hasHrv": false,
        "condensationAvoid": false,
        "useCelsius": false,
        "useTimeFormat12": true,
        "locale": "en",
        "humidity": "36",
        "humidifierMode": "off",
        "backlightOnIntensity": 10,
        "backlightSleepIntensity": 4,
        "backlightOffTime": 60,
        "soundTickVolume": 0,
        "soundAlertVolume": 0,
        "compressorProtectionMinTime": 300,
        "compressorProtectionMinTemp": 350,
        "stage1HeatingDifferentialTemp": 5,
        "stage1CoolingDifferentialTemp": 5,
        "stage1HeatingDissipationTime": 31,
        "stage1CoolingDissipationTime": 31,
        "heatPumpReversalOnCool": false,
        "fanControlRequired": true,
        "fanMinOnTime": 10,
        "heatCoolMinDelta": 50,
        "tempCorrection": 0,
        "holdAction": "nextPeriod",
        "heatPumpGroundWater": false,
        "hasElectric": false,
        "hasDehumidifier": false,
        "dehumidifierMode": "off",
        "dehumidifierLevel": 60,
        "dehumidifyWithAC": false,
        "dehumidifyOvercoolOffset": 0,
        "autoHeatCoolFeatureEnabled": true,
        "wifiOfflineAlert": false,
        "heatMinTemp": 450,
        "heatMaxTemp": 1200,
        "coolMinTemp": -100,
        "coolMaxTemp": 1200,
        "heatRangeHigh": 790,
        "heatRangeLow": 450,
        "coolRangeHigh": 920,
        "coolRangeLow": 650,
        "userAccessCode": "",
        "userAccessSetting": 0,
        "auxRuntimeAlert": 10800,
        "auxOutdoorTempAlert": 500,
        "auxMaxOutdoorTemp": 350,
        "auxRuntimeAlertNotify": false,
        "auxOutdoorTempAlertNotify": false,
        "auxRuntimeAlertNotifyTechnician": false,
        "auxOutdoorTempAlertNotifyTechnician": false,
        "disablePreHeating": false,
        "disablePreCooling": false,
        "installerCodeRequired": true,
        "drAccept": "always",
        "isRentalProperty": false,
        "useZoneController": false,
        "randomStartDelayCool": 0,
        "randomStartDelayHeat": 0,
        "humidityHighAlert": -1,
        "humidityLowAlert": -1,
        "disableHeatPumpAlerts": false,
        "disableAlertsOnIdt": false,
        "humidityAlertNotify": false,
        "humidityAlertNotifyTechnician": false,
        "tempAlertNotify": true,
        "tempAlertNotifyTechnician": false,
        "monthlyElectricityBillLimit": 0,
        "enableElectricityBillAlert": false,
        "enableProjectedElectricityBillAlert": false,
        "electricityBillingDayOfMonth": 1,
        "electricityBillCycleMonths": 1,
        "electricityBillStartMonth": 1,
        "ventilatorMinOnTimeHome": 20,
        "ventilatorMinOnTimeAway": 0,
        "backlightOffDuringSleep": false,
        "autoAway": true,
        "smartCirculation": false,
        "followMeComfort": true,
        "ventilatorType": "none",
        "isVentilatorTimerOn": false,
        "ventilatorOffDateTime": "",
        "hasUVFilter": true,
        "coolingLockout": false,
        "ventilatorFreeCooling": true,
        "dehumidifyWhenHeating": false,
        "ventilatorDehumidify": true,
        "groupRef": "",
        "groupName": "",
        "groupSetting": 0
      },
      "runtime": {
        "runtimeRev": "200704162837",
        "connected": true,
        "firstConnected": "2018-12-29 02:22:56",
        "connectDateTime": "2020-07-03 18:37:02",
        "disconnectDateTime": "2020-07-03 05:40:23",
        "lastModified": "2020-07-04 16:28:37",
        "lastStatusModified": "2020-07-04 16:28:37",
        "runtimeDate": "2020-07-04",
        "runtimeInterval": 195,
        "actualTemperature": 753,
        "actualHumidity": 65,
        "rawTemperature": 758,
        "showIconMode": 0,
        "desiredHeat": 680,
        "desiredCool": 750,
        "desiredHumidity": 36,
        "desiredDehumidity": 60,
        "desiredFanMode": "auto",
        "desiredHeatRange": [
          450,
          790
        ],
        "desiredCoolRange": [
          650,
          920
        ]
      },
      "weather": {
        "timestamp": "2020-07-04 16:32:37",
        "weatherStation": "FI:KFWS",
        "forecasts": [
          {
            "weatherSymbol": 0,
            "dateTime": "2020-07-04 11:32:37",
            "condition": "Clear",
            "temperature": 909,
            "pressure": 1012,
            "relativeHumidity": 48,
            "dewpoint": 682,
            "visibility": 16000,
            "windSpeed": 5,
            "windGust": -5002,
            "windDirection": "SSW",
            "windBearing": 213,
            "pop": 0,
            "tempHigh": 1021,
            "tempLow": 710,
            "sky": 1
          },
          {
            "weatherSymbol": 0,
            "dateTime": "2020-07-05 00:00:00",
            "condition": "Humid throughout the day.",
            "temperature": 861,
            "pressure": 1008,
            "relativeHumidity": 56,
            "dewpoint": 678,
            "visibility": 16000,
            "windSpeed": 5,
            "windGust": -5002,
            "windDirection": "NE",
            "windBearing": 36,
            "pop": 20,
            "tempHigh": 985,
            "tempLow": 738,
            "sky": 2
          },
          {
            "weatherSymbol": 6,
            "dateTime": "2020-07-06 00:00:00",
            "condition": "Possible light rain in the morning.",
            "temperature": 864,
            "pressure": 1009,
            "relativeHumidity": 64,
            "dewpoint": 700,
            "visibility": 16000,
            "windSpeed": 6,
            "windGust": -5002,
            "windDirection": "SE",
            "windBearing": 139,
            "pop": 69,
            "tempHigh": 978,
            "tempLow": 750,
            "sky": 4
          },
          {
            "weatherSymbol": 6,
            "dateTime": "2020-07-07 00:00:00",
            "condition": "Humid and partly cloudy throughout the day.",
            "temperature": 868,
            "pressure": 1011,
            "relativeHumidity": 62,
            "dewpoint": 695,
            "visibility": 15000,
            "windSpeed": 9,
            "windGust": -5002,
            "windDirection": "S",
            "windBearing": 186,
            "pop": 43,
            "tempHigh": 971,
            "tempLow": 766,
            "sky": 3
          },
          {
            "weatherSymbol": 0,
            "dateTime": "2020-07-08 00:00:00",
            "condition": "Humid throughout the day.",
            "temperature": 899,
            "pressure": 1011,
            "relativeHumidity": 53,
            "dewpoint": 686,
            "visibility": 16000,
            "windSpeed": 12,
            "windGust": -5002,
            "windDirection": "S",
            "windBearing": 183,
            "pop": 16,
            "tempHigh": 1002,
            "tempLow": 796,
            "sky": 2
          },
          {
            "weatherSymbol": 0,
            "dateTime": "2020-07-04 12:00:00",
            "condition": "Clear",
            "temperature": 923,
            "pressure": 1012,
            "relativeHumidity": 45,
            "dewpoint": 676,
            "visibility": 16000,
            "windSpeed": 5,
            "windGust": -5002,
            "windDirection": "SW",
            "windBearing": 227,
            "pop": 0,
            "tempHigh": -5002,
            "tempLow": -5002,
            "sky": 1
          },
          {
            "weatherSymbol": 0,
            "dateTime": "2020-07-04 18:00:00",
            "condition": "Clear",
            "temperature": 1012,
            "pressure": 1008,
            "relativeHumidity": 24,
            "dewpoint": 583,
            "visibility": 16000,
            "windSpeed": 4,
            "windGust": -5002,
            "windDirection": "SW",
            "windBearing": 235,
            "pop": 0,
            "tempHigh": -5002,
            "tempLow": -5002,
            "sky": 1
          },
          {
            "weatherSymbol": 0,
            "dateTime": "2020-07-05 00:00:00",
            "condition": "Clear",
            "temperature": 841,
            "pressure": 1009,
            "relativeHumidity": 60,
            "dewpoint": 688,
            "visibility": 16000,
            "windSpeed": 4,
            "windGust": -5002,
            "windDirection": "E",
            "windBearing": 88,
            "pop": 1,
            "tempHigh": -5002,
            "tempLow": -5002,
            "sky": 1
          },
          {
            "weatherSymbol": 0,
            "dateTime": "2020-07-05 06:00:00",
            "condition": "Clear",
            "temperature": 743,
            "pressure": 1009,
            "relativeHumidity": 90,
            "dewpoint": 712,
            "visibility": 16000,
            "windSpeed": 3,
            "windGust": -5002,
            "windDirection": "ESE",
            "windBearing": 115,
            "pop": 3,
            "tempHigh": -5002,
            "tempLow": -5002,
            "sky": 2
          }
        ]
      },
      "events": [
        {
          "type": "template",
          "name": "_Default_",
          "running": false,
          "startDate": "2037-01-01",
          "startTime": "01:01:01",
          "endDate": "2037-01-01",
          "endTime": "02:01:01",
          "isOccupied": false,
          "isCoolOff": false,
          "isHeatOff": false,
          "coolHoldTemp": 860,
          "heatHoldTemp": 600,
          "fan": "auto",
          "vent": "off",
          "ventilatorMinOnTime": 5,
          "isOptional": true,
          "isTemperatureRelative": false,
          "coolRelativeTemp": 40,
          "heatRelativeTemp": 40,
          "isTemperatureAbsolute": true,
          "dutyCyclePercentage": 255,
          "fanMinOnTime": 5,
          "occupiedSensorActive": false,
          "unoccupiedSensorActive": false,
          "drRampUpTemp": 0,
          "drRampUpTime": 3600,
          "linkRef": "",
          "holdClimateRef": ""
        }
      ],
      "program": {
        "schedule": [
          [
            "sleep",
            "sleep",
            "sleep",
            "sleep",
            "sleep",
            "sleep",
            "sleep",
            "sleep",
            "sleep",
            "sleep",
            "sleep",
            "home",
            "home",
            "home",
            "home",
            "home",
            "home",
            "home",
            "home",
            "home",
            "home",
            "home",
            "home",
            "home",
            "home",
            "home",
            "home",
            "home",
            "home",
            "home",
            "home",
            "home",
            "home",
            "home",
            "home",
            "home",
            "home",
            "home",
            "home",
            "home",
            "home",
            "home",
            "home",
            "sleep",
            "sleep",
            "sleep",
            "sleep",
            "sleep"
          ],
          [
            "sleep",
            "sleep",
            "sleep",
            "sleep",
            "sleep",
            "sleep",
            "sleep",
            "sleep",
            "sleep",
            "sleep",
            "sleep",
            "home",
            "home",
            "home",
            "home",
            "home",
            "home",
            "home",
            "home",
            "home",
            "home",
            "home",
            "home",
            "home",
            "home",
            "home",
            "home",
            "home",
            "home",
            "home",
            "home",
            "home",
            "home",
            "home",
            "home",
            "home",
            "home",
            "home",
            "home",
            "home",
            "home",
            "home",
            "home",
            "sleep",
            "sleep",
            "sleep",
            "sleep",
            "sleep"
          ],
          [
            "sleep",
            "sleep",
            "sleep",
            "sleep",
            "sleep",
            "sleep",
            "sleep",
            "sleep",
            "sleep",
            "sleep",
            "sleep",
            "home",
            "home",
            "home",
            "home",
            "home",
            "home",
            "home",
            "home",
            "home",
            "home",
            "home",
            "home",
            "home",
            "home",
            "home",
            "home",
            "home",
            "home",
            "home",
            "home",
            "home",
            "home",
            "home",
            "home",
            "home",
            "home",
            "home",
            "home",
            "home",
            "home",
            "home",
            "home",
            "sleep",
            "sleep",
            "sleep",
            "sleep",
            "sleep"
          ],
          [
            "sleep",
            "sleep",
            "sleep",
            "sleep",
            "sleep",
            "sleep",
            "sleep",
            "sleep",
            "sleep",
            "sleep",
            "sleep",
            "home",
            "home",
            "home",
            "home",
            "home",
            "home",
            "home",
            "home",
            "home",
            "home",
            "home",
            "home",
            "home",
            "home",
            "home",
            "home",
            "home",
            "home",
            "home",
            "home",
            "home",
            "home",
            "home",
            "home",
            "home",
            "home",
            "home",
            "home",
            "home",
            "home",
            "home",
            "home",
            "sleep",
            "sleep",
            "sleep",
            "sleep",
            "sleep"
          ],
          [
            "sleep",
            "sleep",
            "sleep",
            "sleep",
            "sleep",
            "sleep",
            "sleep",
            "sleep",
            "sleep",
            "sleep",
            "sleep",
            "home",
            "home",
            "home",
            "home",
            "home",
            "home",
            "home",
            "home",
            "home",
            "home",
            "home",
            "home",
            "home",
            "home",
            "home",
            "home",
            "home",
            "home",
            "home",
            "home",
            "home",
            "home",
            "home",
            "home",
            "home",
            "home",
            "home",
            "home",
            "home",
            "home",
            "home",
            "home",
            "home",
            "home",
            "home",
            "sleep",
            "sleep"
          ],
          [
            "sleep",
            "sleep",
            "sleep",
            "sleep",
            "sleep",
            "sleep",
            "sleep",
            "sleep",
            "sleep",
            "sleep",
            "sleep",
            "sleep",
            "sleep",
            "sleep",
            "sleep",
            "home",
            "home",
            "home",
            "home",
            "home",
            "home",
            "home",
            "home",
            "home",
            "home",
            "home",
            "home",
            "home",
            "home",
            "home",
            "home",
            "home",
            "home",
            "home",
            "home",
            "home",
            "home",
            "home",
            "home",
            "home",
            "home",
            "home",
            "home",
            "home",
            "home",
            "home",
            "sleep",
            "sleep"
          ],
          [
            "sleep",
            "sleep",
            "sleep",
            "sleep",
            "sleep",
            "sleep",
            "sleep",
            "sleep",
            "sleep",
            "sleep",
            "sleep",
            "sleep",
            "sleep",
            "sleep",
            "sleep",
            "home",
            "home",
            "home",
            "home",
            "home",
            "home",
            "home",
            "home",
            "home",
            "home",
            "home",
            "home",
            "home",
            "home",
            "home",
            "home",
            "home",
            "home",
            "home",
            "home",
            "home",
            "home",
            "home",
            "home",
            "home",
            "home",
            "home",
            "home",
            "sleep",
            "sleep",
            "sleep",
            "sleep",
            "sleep"
          ]
        ],
        "climates": [
          {
            "name": "Home",
            "climateRef": "home",
            "isOccupied": true,
            "isOptimized": false,
            "coolFan": "auto",
            "heatFan": "auto",
            "vent": "off",
            "ventilatorMinOnTime": 20,
            "owner": "system",
            "type": "program",
            "colour": 13560055,
            "coolTemp": 750,
            "heatTemp": 680,
            "sensors": [
              {
                "id": "rs:100:1",
                "name": "Lil\u0027bee"
              },
              {
                "id": "ei:0:1",
                "name": "thermostat"
              }
            ]
          },
          {
            "name": "Away",
            "climateRef": "away",
            "isOccupied": false,
            "isOptimized": true,
            "coolFan": "auto",
            "heatFan": "auto",
            "vent": "off",
            "ventilatorMinOnTime": 20,
            "owner": "system",
            "type": "program",
            "colour": 9021815,
            "coolTemp": 820,
            "heatTemp": 640,
            "sensors": [
              {
                "id": "ei:0:1",
                "name": "thermostat"
              },
              {
                "id": "rs:100:1",
                "name": "Lil\u0027bee"
              }
            ]
          },
          {
            "name": "Sleep",
            "climateRef": "sleep",
            "isOccupied": true,
            "isOptimized": false,
            "coolFan": "auto",
            "heatFan": "auto",
            "vent": "off",
            "ventilatorMinOnTime": 20,
            "owner": "system",
            "type": "program",
            "colour": 2179683,
            "coolTemp": 730,
            "heatTemp": 660,
            "sensors": [
              {
                "id": "ei:0:1",
                "name": "thermostat"
              }
            ]
          }
        ],
        "currentClimateRef": "home"
      },
      "equipmentStatus": "",
      "remoteSensors": [
        {
          "id": "rs:100",
          "name": "Lil\u0027bee",
          "type": "ecobee3_remote_sensor",
          "code": "GGJZ",
          "inUse": true,
          "capability": [
            {
              "id": "1",
              "type": "temperature",
              "value": "756"
            },
            {
              "id": "2",
              "type": "occupancy",
              "value": "false"
            }
          ]
        },
        {
          "id": "ei:0",
          "name": "thermostat",
          "type": "thermostat",
          "inUse": true,
          "capability": [
            {
              "id": "1",
              "type": "temperature",
              "value": "751"
            },
            {
              "id": "2",
              "type": "humidity",
              "value": "65"
            },
            {
              "id": "3",
              "type": "occupancy",
              "value": "false"
            }
          ]
        }
      ]
    }
  ],
  "status": {
    "code": 0,
    "message": ""
  }
}
